android/.release-build-v8/_app/intermediates/manifest_merge_blame_file/release/processReleaseMainManifest/manifest-merger-blame-release-report.txt
1<?xml version="1.0" encoding="utf-8"?>
2<manifest xmlns:android="http://schemas.android.com/apk/res/android"
3    package="com.rclipper.app"
4    android:versionCode="8"
5    android:versionName="1.0.7" >
6
7    <uses-sdk
8        android:minSdkVersion="24"
9        android:targetSdkVersion="36" />
10
11    <!-- Permissions -->
12
13    <uses-permission android:name="android.permission.INTERNET" />
13-->src\main\AndroidManifest.xml:119:5-67
13-->src\main\AndroidManifest.xml:119:22-64
14    <!--
15         Android 13+ (API 33) requires this at runtime before any notification
16         can be posted. @capacitor/push-notifications asks for it in
17         requestPermissions(); the app targets API 36, so it is mandatory.
18    -->
19    <uses-permission android:name="android.permission.POST_NOTIFICATIONS" />
19-->src\main\AndroidManifest.xml:123:5-77
19-->src\main\AndroidManifest.xml:123:22-74
20    <uses-permission android:name="android.permission.CAMERA" />
20-->src\main\AndroidManifest.xml:124:5-65
20-->src\main\AndroidManifest.xml:124:22-62
21    <uses-permission android:name="com.android.vending.BILLING" />
21-->src\main\AndroidManifest.xml:125:5-67
21-->src\main\AndroidManifest.xml:125:22-64
22
23    <queries>
23-->[:capacitor-browser] AndroidManifest.xml:7:5-11:15
24        <intent>
24-->[:capacitor-browser] AndroidManifest.xml:8:9-10:18
25            <action android:name="android.support.customtabs.action.CustomTabsService" />
25-->[:capacitor-browser] AndroidManifest.xml:9:13-90
25-->[:capacitor-browser] AndroidManifest.xml:9:21-87
26        </intent>
27        <intent>
27-->[:capacitor-camera] AndroidManifest.xml:8:9-10:18
28            <action android:name="android.media.action.IMAGE_CAPTURE" />
28-->[:capacitor-camera] AndroidManifest.xml:9:13-73
28-->[:capacitor-camera] AndroidManifest.xml:9:21-70
29        </intent>
30        <intent>
30-->[:capacitor-camera] AndroidManifest.xml:11:9-13:18
31            <action android:name="android.intent.action.GET_CONTENT" />
31-->[:capacitor-camera] AndroidManifest.xml:12:13-72
31-->[:capacitor-camera] AndroidManifest.xml:12:21-69
32        </intent>
33        <intent>
33-->[:capacitor-camera] AndroidManifest.xml:14:9-16:18
34            <action android:name="android.intent.action.PICK" />
34-->[:capacitor-camera] AndroidManifest.xml:15:13-65
34-->[:capacitor-camera] AndroidManifest.xml:15:21-62
35        </intent>
36        <intent>
36-->[com.android.billingclient:billing:8.3.0] AndroidManifest.xml:13:9-15:18
37            <action android:name="com.android.vending.billing.InAppBillingService.BIND" />
37-->[com.android.billingclient:billing:8.3.0] AndroidManifest.xml:14:13-91
37-->[com.android.billingclient:billing:8.3.0] AndroidManifest.xml:14:21-88
38        </intent>
39        <intent>
39-->[com.android.billingclient:billing:8.3.0] AndroidManifest.xml:16:9-18:18
40            <action android:name="com.google.android.apps.play.billingtestcompanion.BillingOverrideService.BIND" />
40-->[com.android.billingclient:billing:8.3.0] AndroidManifest.xml:17:13-116
40-->[com.android.billingclient:billing:8.3.0] AndroidManifest.xml:17:21-113
41        </intent>
42        <intent>
42-->[com.google.androidbrowserhelper:androidbrowserhelper:2.5.0] AndroidManifest.xml:27:9-33:18
43            <action android:name="android.intent.action.VIEW" />
43-->src\main\AndroidManifest.xml:44:17-69
43-->src\main\AndroidManifest.xml:44:25-66
44
45            <category android:name="android.intent.category.BROWSABLE" />
45-->src\main\AndroidManifest.xml:46:17-78
45-->src\main\AndroidManifest.xml:46:27-75
46
47            <data android:scheme="https" />
47-->src\main\AndroidManifest.xml:48:17-97
47-->src\main\AndroidManifest.xml:48:23-45
48        </intent>
49    </queries>
50
51    <uses-permission android:name="android.permission.ACCESS_NETWORK_STATE" />
51-->[:capacitor-network] AndroidManifest.xml:7:5-79
51-->[:capacitor-network] AndroidManifest.xml:7:22-76
52    <uses-permission android:name="android.permission.USE_CREDENTIALS" />
52-->[:capgo-capacitor-social-login] AndroidManifest.xml:8:5-74
52-->[:capgo-capacitor-social-login] AndroidManifest.xml:8:22-71
53    <uses-permission android:name="android.permission.USE_BIOMETRIC" /> <!-- suppress DeprecatedClassUsageInspection -->
53-->[androidx.biometric:biometric:1.1.0] AndroidManifest.xml:24:5-72
53-->[androidx.biometric:biometric:1.1.0] AndroidManifest.xml:24:22-69
54    <uses-permission android:name="android.permission.USE_FINGERPRINT" />
54-->[androidx.biometric:biometric:1.1.0] AndroidManifest.xml:27:5-74
54-->[androidx.biometric:biometric:1.1.0] AndroidManifest.xml:27:22-71
55    <uses-permission android:name="android.permission.WAKE_LOCK" /> <!-- Required by older versions of Google Play services to create IID tokens -->
55-->[com.google.firebase:firebase-messaging:25.0.1] AndroidManifest.xml:24:5-68
55-->[com.google.firebase:firebase-messaging:25.0.1] AndroidManifest.xml:24:22-65
56    <uses-permission android:name="com.google.android.c2dm.permission.RECEIVE" />
56-->[com.google.firebase:firebase-messaging:25.0.1] AndroidManifest.xml:26:5-82
56-->[com.google.firebase:firebase-messaging:25.0.1] AndroidManifest.xml:26:22-79
57
58    <permission
58-->[androidx.core:core:1.17.0] AndroidManifest.xml:22:5-24:47
59        android:name="com.rclipper.app.DYNAMIC_RECEIVER_NOT_EXPORTED_PERMISSION"
59-->[androidx.core:core:1.17.0] AndroidManifest.xml:23:9-81
60        android:protectionLevel="signature" />
60-->[androidx.core:core:1.17.0] AndroidManifest.xml:24:9-44
61
62    <uses-permission android:name="com.rclipper.app.DYNAMIC_RECEIVER_NOT_EXPORTED_PERMISSION" />
62-->[androidx.core:core:1.17.0] AndroidManifest.xml:26:5-97
62-->[androidx.core:core:1.17.0] AndroidManifest.xml:26:22-94
63
64    <application
64-->src\main\AndroidManifest.xml:4:5-115:19
65        android:allowBackup="false"
65-->src\main\AndroidManifest.xml:5:9-36
66        android:appComponentFactory="androidx.core.app.CoreComponentFactory"
66-->[androidx.core:core:1.17.0] AndroidManifest.xml:28:18-86
67        android:extractNativeLibs="false"
68        android:icon="@mipmap/ic_launcher"
68-->src\main\AndroidManifest.xml:6:9-43
69        android:label="@string/app_name"
69-->src\main\AndroidManifest.xml:7:9-41
70        android:requestLegacyExternalStorage="true"
70-->[io.ionic.libs:ioncamera-android:1.0.2] AndroidManifest.xml:8:18-61
71        android:roundIcon="@mipmap/ic_launcher_round"
71-->src\main\AndroidManifest.xml:8:9-54
72        android:supportsRtl="true"
72-->src\main\AndroidManifest.xml:9:9-35
73        android:theme="@style/AppTheme" >
73-->src\main\AndroidManifest.xml:10:9-40
74        <activity
74-->src\main\AndroidManifest.xml:12:9-82:20
75            android:name="com.rclipper.app.MainActivity"
75-->src\main\AndroidManifest.xml:14:13-41
76            android:configChanges="orientation|keyboardHidden|keyboard|screenSize|locale|smallestScreenSize|screenLayout|uiMode|navigation|density"
76-->src\main\AndroidManifest.xml:13:13-148
77            android:exported="true"
77-->src\main\AndroidManifest.xml:18:13-36
78            android:label="@string/title_activity_main"
78-->src\main\AndroidManifest.xml:15:13-56
79            android:launchMode="singleTask"
79-->src\main\AndroidManifest.xml:17:13-44
80            android:theme="@style/AppTheme.NoActionBarLaunch" >
80-->src\main\AndroidManifest.xml:16:13-62
81            <intent-filter>
81-->src\main\AndroidManifest.xml:20:13-23:29
82                <action android:name="android.intent.action.MAIN" />
82-->src\main\AndroidManifest.xml:21:17-69
82-->src\main\AndroidManifest.xml:21:25-66
83
84                <category android:name="android.intent.category.LAUNCHER" />
84-->src\main\AndroidManifest.xml:22:17-77
84-->src\main\AndroidManifest.xml:22:27-74
85            </intent-filter>
86            <!--
87                App Links for app.rclipper.com.
88
89                Scoped to UI paths ON PURPOSE. This filter used to claim the
90                whole host with no android:path* attribute, which also claimed
91                https://app.rclipper.com/api/auth/apple/android-callback — the
92                Return URL Apple posts to during Sign in with Apple on Android
93                (APPLE_ANDROID_REDIRECT_URL). Once link verification succeeds,
94                Android may hand that URL to this activity instead of letting
95                the Chrome Custom Tab load it: the callback route never runs, no
96                authorization code is ever exchanged, the tab is left sitting on
97                Apple's own page, and the app is brought forward (and reloaded)
98                still signed out. The failure looks exactly like a spontaneous
99                app restart, which is what makes it so hard to place.
100
101                So: never claim /api/**. Add new prefixes here as user-facing
102                sections are added; a path that is not listed simply stays in
103                the browser, which is the safe direction to fail.
104            -->
105            <intent-filter android:autoVerify="true" >
105-->src\main\AndroidManifest.xml:43:13-66:29
105-->src\main\AndroidManifest.xml:43:28-53
106                <action android:name="android.intent.action.VIEW" />
106-->src\main\AndroidManifest.xml:44:17-69
106-->src\main\AndroidManifest.xml:44:25-66
107
108                <category android:name="android.intent.category.DEFAULT" />
108-->src\main\AndroidManifest.xml:45:17-76
108-->src\main\AndroidManifest.xml:45:27-73
109                <category android:name="android.intent.category.BROWSABLE" />
109-->src\main\AndroidManifest.xml:46:17-78
109-->src\main\AndroidManifest.xml:46:27-75
110                <!-- The bare origin, with and without a trailing slash. -->
111                <data
111-->src\main\AndroidManifest.xml:48:17-97
112                    android:host="app.rclipper.com"
112-->src\main\AndroidManifest.xml:48:46-77
113                    android:path="/"
113-->src\main\AndroidManifest.xml:48:78-94
114                    android:scheme="https" />
114-->src\main\AndroidManifest.xml:48:23-45
115                <data
115-->src\main\AndroidManifest.xml:48:17-97
116                    android:host="app.rclipper.com"
116-->src\main\AndroidManifest.xml:48:46-77
117                    android:path=""
117-->src\main\AndroidManifest.xml:48:78-94
118                    android:scheme="https" />
118-->src\main\AndroidManifest.xml:48:23-45
119                <!-- Authenticated sections -->
120                <data
120-->src\main\AndroidManifest.xml:48:17-97
121                    android:host="app.rclipper.com"
121-->src\main\AndroidManifest.xml:48:46-77
122                    android:pathPrefix="/dashboard"
122-->src\main\AndroidManifest.xml:51:78-109
123                    android:scheme="https" />
123-->src\main\AndroidManifest.xml:48:23-45
124                <data
124-->src\main\AndroidManifest.xml:48:17-97
125                    android:host="app.rclipper.com"
125-->src\main\AndroidManifest.xml:48:46-77
126                    android:pathPrefix="/staff"
126-->src\main\AndroidManifest.xml:51:78-109
127                    android:scheme="https" />
127-->src\main\AndroidManifest.xml:48:23-45
128                <data
128-->src\main\AndroidManifest.xml:48:17-97
129                    android:host="app.rclipper.com"
129-->src\main\AndroidManifest.xml:48:46-77
130                    android:pathPrefix="/admin"
130-->src\main\AndroidManifest.xml:51:78-109
131                    android:scheme="https" />
131-->src\main\AndroidManifest.xml:48:23-45
132                <data
132-->src\main\AndroidManifest.xml:48:17-97
133                    android:host="app.rclipper.com"
133-->src\main\AndroidManifest.xml:48:46-77
134                    android:pathPrefix="/account"
134-->src\main\AndroidManifest.xml:51:78-109
135                    android:scheme="https" />
135-->src\main\AndroidManifest.xml:48:23-45
136                <!-- Public sections -->
137                <data
137-->src\main\AndroidManifest.xml:48:17-97
138                    android:host="app.rclipper.com"
138-->src\main\AndroidManifest.xml:48:46-77
139                    android:pathPrefix="/login"
139-->src\main\AndroidManifest.xml:51:78-109
140                    android:scheme="https" />
140-->src\main\AndroidManifest.xml:48:23-45
141                <data
141-->src\main\AndroidManifest.xml:48:17-97
142                    android:host="app.rclipper.com"
142-->src\main\AndroidManifest.xml:48:46-77
143                    android:pathPrefix="/signup"
143-->src\main\AndroidManifest.xml:51:78-109
144                    android:scheme="https" />
144-->src\main\AndroidManifest.xml:48:23-45
145                <data
145-->src\main\AndroidManifest.xml:48:17-97
146                    android:host="app.rclipper.com"
146-->src\main\AndroidManifest.xml:48:46-77
147                    android:pathPrefix="/support"
147-->src\main\AndroidManifest.xml:51:78-109
148                    android:scheme="https" />
148-->src\main\AndroidManifest.xml:48:23-45
149                <data
149-->src\main\AndroidManifest.xml:48:17-97
150                    android:host="app.rclipper.com"
150-->src\main\AndroidManifest.xml:48:46-77
151                    android:pathPrefix="/terms"
151-->src\main\AndroidManifest.xml:51:78-109
152                    android:scheme="https" />
152-->src\main\AndroidManifest.xml:48:23-45
153                <data
153-->src\main\AndroidManifest.xml:48:17-97
154                    android:host="app.rclipper.com"
154-->src\main\AndroidManifest.xml:48:46-77
155                    android:pathPrefix="/privacy"
155-->src\main\AndroidManifest.xml:51:78-109
156                    android:scheme="https" />
156-->src\main\AndroidManifest.xml:48:23-45
157                <data
157-->src\main\AndroidManifest.xml:48:17-97
158                    android:host="app.rclipper.com"
158-->src\main\AndroidManifest.xml:48:46-77
159                    android:pathPrefix="/ownership"
159-->src\main\AndroidManifest.xml:51:78-109
160                    android:scheme="https" />
160-->src\main\AndroidManifest.xml:48:23-45
161                <data
161-->src\main\AndroidManifest.xml:48:17-97
162                    android:host="app.rclipper.com"
162-->src\main\AndroidManifest.xml:48:46-77
163                    android:pathPrefix="/delete-account"
163-->src\main\AndroidManifest.xml:51:78-109
164                    android:scheme="https" />
164-->src\main\AndroidManifest.xml:48:23-45
165                <data
165-->src\main\AndroidManifest.xml:48:17-97
166                    android:host="app.rclipper.com"
166-->src\main\AndroidManifest.xml:48:46-77
167                    android:pathPrefix="/verify-email"
167-->src\main\AndroidManifest.xml:51:78-109
168                    android:scheme="https" />
168-->src\main\AndroidManifest.xml:48:23-45
169                <data
169-->src\main\AndroidManifest.xml:48:17-97
170                    android:host="app.rclipper.com"
170-->src\main\AndroidManifest.xml:48:46-77
171                    android:pathPrefix="/forgot-password"
171-->src\main\AndroidManifest.xml:51:78-109
172                    android:scheme="https" />
172-->src\main\AndroidManifest.xml:48:23-45
173                <data
173-->src\main\AndroidManifest.xml:48:17-97
174                    android:host="app.rclipper.com"
174-->src\main\AndroidManifest.xml:48:46-77
175                    android:pathPrefix="/reset-password"
175-->src\main\AndroidManifest.xml:51:78-109
176                    android:scheme="https" />
176-->src\main\AndroidManifest.xml:48:23-45
177            </intent-filter>
178
179            <!--
180                Return path for Sign in with Apple on Android. Apple posts the
181                authorization code to /api/auth/apple/android-callback, which
182                bounces the result back to this scheme; MainActivity.onNewIntent
183                hands it to the SocialLogin plugin. Keep in step with
184                APPLE_ANDROID_DEEP_LINK in src/lib/auth/appleAndroid.ts.
185            -->
186            <intent-filter>
186-->src\main\AndroidManifest.xml:75:13-80:29
187                <action android:name="android.intent.action.VIEW" />
187-->src\main\AndroidManifest.xml:44:17-69
187-->src\main\AndroidManifest.xml:44:25-66
188
189                <category android:name="android.intent.category.DEFAULT" />
189-->src\main\AndroidManifest.xml:45:17-76
189-->src\main\AndroidManifest.xml:45:27-73
190                <category android:name="android.intent.category.BROWSABLE" />
190-->src\main\AndroidManifest.xml:46:17-78
190-->src\main\AndroidManifest.xml:46:27-75
191
192                <data
192-->src\main\AndroidManifest.xml:48:17-97
193                    android:host="apple-login"
193-->src\main\AndroidManifest.xml:48:46-77
194                    android:scheme="com.rclipper.app" />
194-->src\main\AndroidManifest.xml:48:23-45
195            </intent-filter>
196        </activity>
197
198        <!--
199            Push notifications. Without these two meta-data entries Android draws
200            the full-colour launcher icon in the status bar, which the system
201            masks to a solid white square ("the white blob"). The icon must be a
202            transparent white silhouette; the colour tints it.
203        -->
204        <meta-data
204-->src\main\AndroidManifest.xml:90:9-92:61
205            android:name="com.google.firebase.messaging.default_notification_icon"
205-->src\main\AndroidManifest.xml:91:13-83
206            android:resource="@drawable/ic_stat_rclipper" />
206-->src\main\AndroidManifest.xml:92:13-58
207        <meta-data
207-->src\main\AndroidManifest.xml:93:9-95:61
208            android:name="com.google.firebase.messaging.default_notification_color"
208-->src\main\AndroidManifest.xml:94:13-84
209            android:resource="@color/notification_accent" />
209-->src\main\AndroidManifest.xml:95:13-58
210        <!--
211            Fallback channel for any message that arrives without one. The server
212            always sets android.notification.channel_id (ANDROID_CHANNEL_ID in
213            src/config/push.ts) and the app creates that channel at registration;
214            this only covers a message sent from the Firebase console by hand.
215        -->
216        <meta-data
216-->src\main\AndroidManifest.xml:102:9-104:71
217            android:name="com.google.firebase.messaging.default_notification_channel_id"
217-->src\main\AndroidManifest.xml:103:13-89
218            android:value="@string/default_notification_channel_id" />
218-->src\main\AndroidManifest.xml:104:13-68
219
220        <provider
221            android:name="androidx.core.content.FileProvider"
221-->src\main\AndroidManifest.xml:107:13-62
222            android:authorities="com.rclipper.app.fileprovider"
222-->src\main\AndroidManifest.xml:108:13-64
223            android:exported="false"
223-->src\main\AndroidManifest.xml:109:13-37
224            android:grantUriPermissions="true" >
224-->src\main\AndroidManifest.xml:110:13-47
225            <meta-data
225-->src\main\AndroidManifest.xml:111:13-113:64
226                android:name="android.support.FILE_PROVIDER_PATHS"
226-->src\main\AndroidManifest.xml:112:17-67
227                android:resource="@xml/file_paths" />
227-->src\main\AndroidManifest.xml:113:17-51
228        </provider>
229
230        <activity
230-->[:capacitor-browser] AndroidManifest.xml:14:9-18:75
231            android:name="com.capacitorjs.plugins.browser.BrowserControllerActivity"
231-->[:capacitor-browser] AndroidManifest.xml:15:13-85
232            android:exported="false"
232-->[:capacitor-browser] AndroidManifest.xml:16:13-37
233            android:launchMode="singleTask"
233-->[:capacitor-browser] AndroidManifest.xml:17:13-44
234            android:theme="@android:style/Theme.Translucent.NoTitleBar" />
234-->[:capacitor-browser] AndroidManifest.xml:18:13-72
235
236        <service
236-->[:capacitor-push-notifications] AndroidManifest.xml:8:9-14:19
237            android:name="com.capacitorjs.plugins.pushnotifications.MessagingService"
237-->[:capacitor-push-notifications] AndroidManifest.xml:9:13-86
238            android:exported="false" >
238-->[:capacitor-push-notifications] AndroidManifest.xml:10:13-37
239            <intent-filter>
239-->[:capacitor-push-notifications] AndroidManifest.xml:11:13-13:29
240                <action android:name="com.google.firebase.MESSAGING_EVENT" />
240-->[:capacitor-push-notifications] AndroidManifest.xml:12:17-78
240-->[:capacitor-push-notifications] AndroidManifest.xml:12:25-75
241            </intent-filter>
242        </service>
243
244        <activity
244-->[:capgo-capacitor-social-login] AndroidManifest.xml:18:9-21:84
245            android:name="ee.forgr.capacitor.social.login.TwitterLoginActivity"
245-->[:capgo-capacitor-social-login] AndroidManifest.xml:19:13-80
246            android:exported="false"
246-->[:capgo-capacitor-social-login] AndroidManifest.xml:20:13-37
247            android:theme="@android:style/Theme.DeviceDefault.Light.NoActionBar" />
247-->[:capgo-capacitor-social-login] AndroidManifest.xml:21:13-81
248        <activity
248-->[:capgo-capacitor-social-login] AndroidManifest.xml:22:9-25:84
249            android:name="ee.forgr.capacitor.social.login.OAuth2LoginActivity"
249-->[:capgo-capacitor-social-login] AndroidManifest.xml:23:13-79
250            android:exported="false"
250-->[:capgo-capacitor-social-login] AndroidManifest.xml:24:13-37
251            android:theme="@android:style/Theme.DeviceDefault.Light.NoActionBar" />
251-->[:capgo-capacitor-social-login] AndroidManifest.xml:25:13-81
252        <activity
252-->[io.ionic.libs:ioncamera-android:1.0.2] AndroidManifest.xml:9:9-11:86
253            android:name="io.ionic.libs.ioncameralib.view.IONCAMRLoadingActivity"
253-->[io.ionic.libs:ioncamera-android:1.0.2] AndroidManifest.xml:10:13-82
254            android:theme="@android:style/Theme.Translucent.NoTitleBar.Fullscreen" />
254-->[io.ionic.libs:ioncamera-android:1.0.2] AndroidManifest.xml:11:13-83
255        <activity
255-->[io.ionic.libs:ioncamera-android:1.0.2] AndroidManifest.xml:12:9-16:36
256            android:name="io.ionic.libs.ioncameralib.view.IONCAMRImageEditorActivity"
256-->[io.ionic.libs:ioncamera-android:1.0.2] AndroidManifest.xml:13:13-86
257            android:enableOnBackInvokedCallback="true"
257-->[io.ionic.libs:ioncamera-android:1.0.2] AndroidManifest.xml:14:13-55
258            android:theme="@android:style/Theme.Black.NoTitleBar" />
258-->[io.ionic.libs:ioncamera-android:1.0.2] AndroidManifest.xml:15:13-66
259        <activity
259-->[io.ionic.libs:ioncamera-android:1.0.2] AndroidManifest.xml:17:9-20:86
260            android:name="io.ionic.libs.ioncameralib.view.IONCAMROpenPhotoPickerActivity"
260-->[io.ionic.libs:ioncamera-android:1.0.2] AndroidManifest.xml:18:13-90
261            android:exported="false"
261-->[io.ionic.libs:ioncamera-android:1.0.2] AndroidManifest.xml:19:13-37
262            android:theme="@android:style/Theme.Translucent.NoTitleBar.Fullscreen" /> <!-- Trigger Google Play services to install the backported photo picker module. -->
262-->[io.ionic.libs:ioncamera-android:1.0.2] AndroidManifest.xml:20:13-83
263        <service
263-->[io.ionic.libs:ioncamera-android:1.0.2] AndroidManifest.xml:22:9-34:19
264            android:name="com.google.android.gms.metadata.ModuleDependencies"
264-->[io.ionic.libs:ioncamera-android:1.0.2] AndroidManifest.xml:23:13-78
265            android:enabled="false"
265-->[io.ionic.libs:ioncamera-android:1.0.2] AndroidManifest.xml:24:13-36
266            android:exported="false" >
266-->[io.ionic.libs:ioncamera-android:1.0.2] AndroidManifest.xml:25:13-37
267            <intent-filter>
267-->[io.ionic.libs:ioncamera-android:1.0.2] AndroidManifest.xml:27:13-29:29
268                <action android:name="com.google.android.gms.metadata.MODULE_DEPENDENCIES" />
268-->[io.ionic.libs:ioncamera-android:1.0.2] AndroidManifest.xml:28:17-94
268-->[io.ionic.libs:ioncamera-android:1.0.2] AndroidManifest.xml:28:25-91
269            </intent-filter>
270
271            <meta-data
271-->[io.ionic.libs:ioncamera-android:1.0.2] AndroidManifest.xml:31:13-33:36
272                android:name="photopicker_activity:0:required"
272-->[io.ionic.libs:ioncamera-android:1.0.2] AndroidManifest.xml:32:17-63
273                android:value="" />
273-->[io.ionic.libs:ioncamera-android:1.0.2] AndroidManifest.xml:33:17-33
274        </service>
275
276        <provider
276-->[io.ionic.libs:ioncamera-android:1.0.2] AndroidManifest.xml:36:9-44:20
277            android:name="io.ionic.libs.ioncameralib.IONCAMRFileProvider"
277-->[io.ionic.libs:ioncamera-android:1.0.2] AndroidManifest.xml:37:13-74
278            android:authorities="com.rclipper.app.camera.provider"
278-->[io.ionic.libs:ioncamera-android:1.0.2] AndroidManifest.xml:38:13-67
279            android:exported="false"
279-->[io.ionic.libs:ioncamera-android:1.0.2] AndroidManifest.xml:39:13-37
280            android:grantUriPermissions="true" >
280-->[io.ionic.libs:ioncamera-android:1.0.2] AndroidManifest.xml:40:13-47
281            <meta-data
281-->src\main\AndroidManifest.xml:111:13-113:64
282                android:name="android.support.FILE_PROVIDER_PATHS"
282-->src\main\AndroidManifest.xml:112:17-67
283                android:resource="@xml/ioncamera_paths" />
283-->src\main\AndroidManifest.xml:113:17-51
284        </provider>
285
286        <service
286-->[androidx.credentials:credentials-play-services-auth:1.5.0] AndroidManifest.xml:24:9-32:19
287            android:name="androidx.credentials.playservices.CredentialProviderMetadataHolder"
287-->[androidx.credentials:credentials-play-services-auth:1.5.0] AndroidManifest.xml:25:13-94
288            android:enabled="true"
288-->[androidx.credentials:credentials-play-services-auth:1.5.0] AndroidManifest.xml:26:13-35
289            android:exported="false" >
289-->[androidx.credentials:credentials-play-services-auth:1.5.0] AndroidManifest.xml:27:13-37
290            <meta-data
290-->[androidx.credentials:credentials-play-services-auth:1.5.0] AndroidManifest.xml:29:13-31:104
291                android:name="androidx.credentials.CREDENTIAL_PROVIDER_KEY"
291-->[androidx.credentials:credentials-play-services-auth:1.5.0] AndroidManifest.xml:30:17-76
292                android:value="androidx.credentials.playservices.CredentialProviderPlayServicesImpl" />
292-->[androidx.credentials:credentials-play-services-auth:1.5.0] AndroidManifest.xml:31:17-101
293        </service>
294
295        <activity
295-->[androidx.credentials:credentials-play-services-auth:1.5.0] AndroidManifest.xml:34:9-41:20
296            android:name="androidx.credentials.playservices.HiddenActivity"
296-->[androidx.credentials:credentials-play-services-auth:1.5.0] AndroidManifest.xml:35:13-76
297            android:configChanges="orientation|screenSize|screenLayout|keyboardHidden"
297-->[androidx.credentials:credentials-play-services-auth:1.5.0] AndroidManifest.xml:36:13-87
298            android:enabled="true"
298-->[androidx.credentials:credentials-play-services-auth:1.5.0] AndroidManifest.xml:37:13-35
299            android:exported="false"
299-->[androidx.credentials:credentials-play-services-auth:1.5.0] AndroidManifest.xml:38:13-37
300            android:fitsSystemWindows="true"
300-->[androidx.credentials:credentials-play-services-auth:1.5.0] AndroidManifest.xml:39:13-45
301            android:theme="@style/Theme.Hidden" >
301-->[androidx.credentials:credentials-play-services-auth:1.5.0] AndroidManifest.xml:40:13-48
302        </activity>
303        <activity
303-->[androidx.credentials:credentials-play-services-auth:1.5.0] AndroidManifest.xml:42:9-49:20
304            android:name="androidx.credentials.playservices.IdentityCredentialApiHiddenActivity"
304-->[androidx.credentials:credentials-play-services-auth:1.5.0] AndroidManifest.xml:43:13-97
305            android:configChanges="orientation|screenSize|screenLayout|keyboardHidden"
305-->[androidx.credentials:credentials-play-services-auth:1.5.0] AndroidManifest.xml:44:13-87
306            android:enabled="true"
306-->[androidx.credentials:credentials-play-services-auth:1.5.0] AndroidManifest.xml:45:13-35
307            android:exported="false"
307-->[androidx.credentials:credentials-play-services-auth:1.5.0] AndroidManifest.xml:46:13-37
308            android:fitsSystemWindows="true"
308-->[androidx.credentials:credentials-play-services-auth:1.5.0] AndroidManifest.xml:47:13-45
309            android:theme="@style/Theme.Hidden" >
309-->[androidx.credentials:credentials-play-services-auth:1.5.0] AndroidManifest.xml:48:13-48
310        </activity>
311        <activity
311-->[com.google.android.gms:play-services-auth:21.4.0] AndroidManifest.xml:23:9-27:75
312            android:name="com.google.android.gms.auth.api.signin.internal.SignInHubActivity"
312-->[com.google.android.gms:play-services-auth:21.4.0] AndroidManifest.xml:24:13-93
313            android:excludeFromRecents="true"
313-->[com.google.android.gms:play-services-auth:21.4.0] AndroidManifest.xml:25:13-46
314            android:exported="false"
314-->[com.google.android.gms:play-services-auth:21.4.0] AndroidManifest.xml:26:13-37
315            android:theme="@android:style/Theme.Translucent.NoTitleBar" />
315-->[com.google.android.gms:play-services-auth:21.4.0] AndroidManifest.xml:27:13-72
316        <!--
317            Service handling Google Sign-In user revocation. For apps that do not integrate with
318            Google Sign-In, this service will never be started.
319        -->
320        <service
320-->[com.google.android.gms:play-services-auth:21.4.0] AndroidManifest.xml:33:9-37:51
321            android:name="com.google.android.gms.auth.api.signin.RevocationBoundService"
321-->[com.google.android.gms:play-services-auth:21.4.0] AndroidManifest.xml:34:13-89
322            android:exported="true"